<?xml version="1.0" encoding="UTF-8"?>
<coverage generated="1749588927551" clover="3.2.0">
  <project timestamp="1749588927551" name="All files">
    <metrics statements="75" coveredstatements="69" conditionals="39" coveredconditionals="32" methods="22" coveredmethods="20" elements="136" coveredelements="121" complexity="0" loc="75" ncloc="75" packages="3" files="9" classes="9"/>
    <package name="src">
      <metrics statements="40" coveredstatements="34" conditionals="9" coveredconditionals="5" methods="9" coveredmethods="7"/>
      <file name="App.tsx" path="/home/ahebwa/projects/rem-waste-project/src/App.tsx">
        <metrics statements="40" coveredstatements="34" conditionals="9" coveredconditionals="5" methods="9" coveredmethods="7"/>
        <line num="1" count="1" type="stmt"/>
        <line num="2" count="1" type="stmt"/>
        <line num="4" count="1" type="stmt"/>
        <line num="5" count="1" type="stmt"/>
        <line num="6" count="1" type="stmt"/>
        <line num="7" count="1" type="stmt"/>
        <line num="8" count="1" type="stmt"/>
        <line num="32" count="8" type="stmt"/>
        <line num="33" count="8" type="stmt"/>
        <line num="34" count="8" type="stmt"/>
        <line num="35" count="8" type="stmt"/>
        <line num="36" count="8" type="stmt"/>
        <line num="40" count="8" type="stmt"/>
        <line num="42" count="8" type="stmt"/>
        <line num="44" count="8" type="stmt"/>
        <line num="45" count="3" type="cond" truecount="1" falsecount="1"/>
        <line num="46" count="0" type="cond" truecount="0" falsecount="1"/>
        <line num="47" count="0" type="stmt"/>
        <line num="50" count="3" type="cond" truecount="0" falsecount="1"/>
        <line num="51" count="0" type="stmt"/>
        <line num="52" count="0" type="stmt"/>
        <line num="58" count="8" type="stmt"/>
        <line num="59" count="0" type="stmt"/>
        <line num="62" count="8" type="stmt"/>
        <line num="64" count="3" type="stmt"/>
        <line num="65" count="3" type="stmt"/>
        <line num="66" count="3" type="stmt"/>
        <line num="70" count="2" type="stmt"/>
        <line num="77" count="1" type="stmt"/>
        <line num="79" count="1" type="cond" truecount="1" falsecount="1"/>
        <line num="80" count="1" type="stmt"/>
        <line num="82" count="0" type="stmt"/>
        <line num="84" count="1" type="stmt"/>
        <line num="86" count="2" type="stmt"/>
        <line num="88" count="3" type="stmt"/>
        <line num="92" count="8" type="stmt"/>
        <line num="107" count="8" type="cond" truecount="1" falsecount="0"/>
        <line num="108" count="1" type="stmt"/>
        <line num="114" count="7" type="stmt"/>
        <line num="130" count="1" type="stmt"/>
      </file>
    </package>
    <package name="src.components">
      <metrics statements="29" coveredstatements="29" conditionals="29" coveredconditionals="26" methods="12" coveredmethods="12"/>
      <file name="ErrorMessage.tsx" path="/home/ahebwa/projects/rem-waste-project/src/components/ErrorMessage.tsx">
        <metrics statements="2" coveredstatements="2" conditionals="0" coveredconditionals="0" methods="1" coveredmethods="1"/>
        <line num="6" count="2" type="stmt"/>
        <line num="14" count="2" type="stmt"/>
      </file>
      <file name="Loading.tsx" path="/home/ahebwa/projects/rem-waste-project/src/components/Loading.tsx">
        <metrics statements="2" coveredstatements="2" conditionals="0" coveredconditionals="0" methods="1" coveredmethods="1"/>
        <line num="2" count="4" type="stmt"/>
        <line num="31" count="2" type="stmt"/>
      </file>
      <file name="NavButtons.tsx" path="/home/ahebwa/projects/rem-waste-project/src/components/NavButtons.tsx">
        <metrics statements="2" coveredstatements="2" conditionals="2" coveredconditionals="2" methods="1" coveredmethods="1"/>
        <line num="6" count="5" type="stmt"/>
        <line num="50" count="3" type="stmt"/>
      </file>
      <file name="SelectedSkip.tsx" path="/home/ahebwa/projects/rem-waste-project/src/components/SelectedSkip.tsx">
        <metrics statements="2" coveredstatements="2" conditionals="2" coveredconditionals="2" methods="1" coveredmethods="1"/>
        <line num="9" count="6" type="stmt"/>
        <line num="28" count="3" type="stmt"/>
      </file>
      <file name="Skip.tsx" path="/home/ahebwa/projects/rem-waste-project/src/components/Skip.tsx">
        <metrics statements="3" coveredstatements="3" conditionals="9" coveredconditionals="6" methods="2" coveredmethods="2"/>
        <line num="10" count="11" type="stmt"/>
        <line num="20" count="2" type="stmt"/>
        <line num="81" count="3" type="stmt"/>
      </file>
      <file name="Skips.tsx" path="/home/ahebwa/projects/rem-waste-project/src/components/Skips.tsx">
        <metrics statements="7" coveredstatements="7" conditionals="2" coveredconditionals="2" methods="3" coveredmethods="3"/>
        <line num="1" count="2" type="stmt"/>
        <line num="2" count="2" type="stmt"/>
        <line num="3" count="2" type="stmt"/>
        <line num="26" count="7" type="stmt"/>
        <line num="33" count="8" type="stmt"/>
        <line num="36" count="1" type="stmt"/>
        <line num="54" count="2" type="stmt"/>
      </file>
      <file name="StepHeader.tsx" path="/home/ahebwa/projects/rem-waste-project/src/components/StepHeader.tsx">
        <metrics statements="11" coveredstatements="11" conditionals="14" coveredconditionals="14" methods="3" coveredmethods="3"/>
        <line num="1" count="1" type="stmt"/>
        <line num="17" count="8" type="stmt"/>
        <line num="18" count="160" type="cond" truecount="1" falsecount="0"/>
        <line num="19" count="32" type="stmt"/>
        <line num="21" count="128" type="cond" truecount="1" falsecount="0"/>
        <line num="22" count="32" type="stmt"/>
        <line num="24" count="96" type="stmt"/>
        <line num="27" count="8" type="stmt"/>
        <line num="156" count="8" type="stmt"/>
        <line num="160" count="48" type="stmt"/>
        <line num="213" count="1" type="stmt"/>
      </file>
    </package>
    <package name="src.util">
      <metrics statements="6" coveredstatements="6" conditionals="1" coveredconditionals="1" methods="1" coveredmethods="1"/>
      <file name="http.ts" path="/home/ahebwa/projects/rem-waste-project/src/util/http.ts">
        <metrics statements="6" coveredstatements="6" conditionals="1" coveredconditionals="1" methods="1" coveredmethods="1"/>
        <line num="1" count="2" type="stmt"/>
        <line num="2" count="2" type="stmt"/>
        <line num="4" count="2" type="cond" truecount="1" falsecount="0"/>
        <line num="5" count="1" type="stmt"/>
        <line num="8" count="1" type="stmt"/>
        <line num="9" count="1" type="stmt"/>
      </file>
    </package>
  </project>
</coverage>
