{"/home/ahebwa/projects/rem-waste-project/src/App.tsx": {"path":"/home/ahebwa/projects/rem-waste-project/src/App.tsx","statementMap":{"0":{"start":{"line":1,"column":0},"end":{"line":1,"column":60}},"1":{"start":{"line":2,"column":0},"end":{"line":2,"column":37}},"2":{"start":{"line":4,"column":0},"end":{"line":4,"column":43}},"3":{"start":{"line":5,"column":0},"end":{"line":5,"column":57}},"4":{"start":{"line":6,"column":0},"end":{"line":6,"column":75}},"5":{"start":{"line":7,"column":0},"end":{"line":7,"column":19}},"6":{"start":{"line":8,"column":0},"end":{"line":8,"column":47}},"7":{"start":{"line":32,"column":28},"end":{"line":32,"column":48}},"8":{"start":{"line":33,"column":38},"end":{"line":33,"column":62}},"9":{"start":{"line":34,"column":28},"end":{"line":34,"column":48}},"10":{"start":{"line":35,"column":46},"end":{"line":35,"column":75}},"11":{"start":{"line":36,"column":46},"end":{"line":39,"column":4}},"12":{"start":{"line":40,"column":35},"end":{"line":40,"column":47}},"13":{"start":{"line":42,"column":23},"end":{"line":42,"column":77}},"14":{"start":{"line":42,"column":50},"end":{"line":42,"column":76}},"15":{"start":{"line":44,"column":2},"end":{"line":56,"column":39}},"16":{"start":{"line":45,"column":4},"end":{"line":55,"column":5}},"17":{"start":{"line":46,"column":6},"end":{"line":48,"column":7}},"18":{"start":{"line":47,"column":8},"end":{"line":47,"column":61}},"19":{"start":{"line":50,"column":6},"end":{"line":54,"column":7}},"20":{"start":{"line":51,"column":8},"end":{"line":53,"column":10}},"21":{"start":{"line":52,"column":42},"end":{"line":52,"column":63}},"22":{"start":{"line":58,"column":27},"end":{"line":60,"column":3}},"23":{"start":{"line":59,"column":4},"end":{"line":59,"column":30}},"24":{"start":{"line":62,"column":2},"end":{"line":89,"column":9}},"25":{"start":{"line":64,"column":6},"end":{"line":64,"column":26}},"26":{"start":{"line":65,"column":6},"end":{"line":85,"column":7}},"27":{"start":{"line":66,"column":22},"end":{"line":67,"column":null}},"28":{"start":{"line":70,"column":30},"end":{"line":76,"column":11}},"29":{"start":{"line":70,"column":50},"end":{"line":76,"column":10}},"30":{"start":{"line":77,"column":8},"end":{"line":77,"column":24}},"31":{"start":{"line":79,"column":8},"end":{"line":83,"column":9}},"32":{"start":{"line":80,"column":10},"end":{"line":80,"column":34}},"33":{"start":{"line":82,"column":10},"end":{"line":82,"column":48}},"34":{"start":{"line":84,"column":8},"end":{"line":84,"column":21}},"35":{"start":{"line":86,"column":6},"end":{"line":86,"column":27}},"36":{"start":{"line":88,"column":4},"end":{"line":88,"column":17}},"37":{"start":{"line":92,"column":4},"end":{"line":104,"column":6}},"38":{"start":{"line":107,"column":2},"end":{"line":113,"column":3}},"39":{"start":{"line":108,"column":4},"end":{"line":112,"column":6}},"40":{"start":{"line":114,"column":2},"end":{"line":127,"column":4}},"41":{"start":{"line":130,"column":0},"end":{"line":130,"column":19}}},"fnMap":{"0":{"name":"App","decl":{"start":{"line":31,"column":9},"end":{"line":31,"column":12}},"loc":{"start":{"line":31,"column":12},"end":{"line":128,"column":1}}},"1":{"name":"(anonymous_2)","decl":{"start":{"line":42,"column":34},"end":{"line":42,"column":35}},"loc":{"start":{"line":42,"column":50},"end":{"line":42,"column":76}}},"2":{"name":"(anonymous_3)","decl":{"start":{"line":44,"column":12},"end":{"line":44,"column":15}},"loc":{"start":{"line":44,"column":17},"end":{"line":56,"column":3}}},"3":{"name":"(anonymous_4)","decl":{"start":{"line":52,"column":32},"end":{"line":52,"column":33}},"loc":{"start":{"line":52,"column":42},"end":{"line":52,"column":63}}},"4":{"name":"(anonymous_5)","decl":{"start":{"line":58,"column":27},"end":{"line":58,"column":28}},"loc":{"start":{"line":58,"column":46},"end":{"line":60,"column":3}}},"5":{"name":"(anonymous_6)","decl":{"start":{"line":62,"column":12},"end":{"line":62,"column":15}},"loc":{"start":{"line":62,"column":17},"end":{"line":89,"column":3}}},"6":{"name":"fetchSkips","decl":{"start":{"line":63,"column":19},"end":{"line":63,"column":29}},"loc":{"start":{"line":63,"column":29},"end":{"line":87,"column":5}}},"7":{"name":"(anonymous_8)","decl":{"start":{"line":70,"column":39},"end":{"line":70,"column":40}},"loc":{"start":{"line":70,"column":50},"end":{"line":76,"column":10}}},"8":{"name":"Layout","decl":{"start":{"line":91,"column":11},"end":{"line":91,"column":17}},"loc":{"start":{"line":91,"column":43},"end":{"line":105,"column":3}}}},"branchMap":{"0":{"loc":{"start":{"line":45,"column":4},"end":{"line":55,"column":5}},"type":"if","locations":[{"start":{"line":45,"column":4},"end":{"line":55,"column":5}},{"start":{"line":49,"column":11},"end":{"line":55,"column":5}}]},"1":{"loc":{"start":{"line":46,"column":6},"end":{"line":48,"column":7}},"type":"if","locations":[{"start":{"line":46,"column":6},"end":{"line":48,"column":7}}]},"2":{"loc":{"start":{"line":50,"column":6},"end":{"line":54,"column":7}},"type":"if","locations":[{"start":{"line":50,"column":6},"end":{"line":54,"column":7}}]},"3":{"loc":{"start":{"line":79,"column":8},"end":{"line":83,"column":9}},"type":"if","locations":[{"start":{"line":79,"column":8},"end":{"line":83,"column":9}},{"start":{"line":81,"column":15},"end":{"line":83,"column":9}}]},"4":{"loc":{"start":{"line":107,"column":2},"end":{"line":113,"column":3}},"type":"if","locations":[{"start":{"line":107,"column":2},"end":{"line":113,"column":3}}]},"5":{"loc":{"start":{"line":116,"column":7},"end":{"line":124,"column":null}},"type":"cond-expr","locations":[{"start":{"line":117,"column":8},"end":{"line":117,"column":19}},{"start":{"line":119,"column":8},"end":{"line":123,"column":null}}]}},"s":{"0":1,"1":1,"2":1,"3":1,"4":1,"5":1,"6":1,"7":8,"8":8,"9":8,"10":8,"11":8,"12":8,"13":8,"14":2,"15":8,"16":3,"17":0,"18":0,"19":3,"20":0,"21":0,"22":8,"23":0,"24":8,"25":3,"26":3,"27":3,"28":1,"29":2,"30":1,"31":1,"32":1,"33":0,"34":1,"35":2,"36":3,"37":8,"38":8,"39":1,"40":7,"41":1},"f":{"0":8,"1":2,"2":3,"3":0,"4":0,"5":3,"6":3,"7":2,"8":8},"b":{"0":[0,3],"1":[0],"2":[0],"3":[1,0],"4":[1],"5":[3,4]}}
,"/home/ahebwa/projects/rem-waste-project/src/components/ErrorMessage.tsx": {"path":"/home/ahebwa/projects/rem-waste-project/src/components/ErrorMessage.tsx","statementMap":{"0":{"start":{"line":6,"column":2},"end":{"line":11,"column":4}},"1":{"start":{"line":14,"column":0},"end":{"line":14,"column":28}}},"fnMap":{"0":{"name":"ErrorMessage","decl":{"start":{"line":5,"column":9},"end":{"line":5,"column":21}},"loc":{"start":{"line":5,"column":49},"end":{"line":12,"column":1}}}},"branchMap":{},"s":{"0":2,"1":2},"f":{"0":2},"b":{}}
,"/home/ahebwa/projects/rem-waste-project/src/components/Loading.tsx": {"path":"/home/ahebwa/projects/rem-waste-project/src/components/Loading.tsx","statementMap":{"0":{"start":{"line":2,"column":2},"end":{"line":28,"column":4}},"1":{"start":{"line":31,"column":0},"end":{"line":31,"column":23}}},"fnMap":{"0":{"name":"Loading","decl":{"start":{"line":1,"column":9},"end":{"line":1,"column":16}},"loc":{"start":{"line":1,"column":16},"end":{"line":29,"column":1}}}},"branchMap":{},"s":{"0":4,"1":2},"f":{"0":4},"b":{}}
,"/home/ahebwa/projects/rem-waste-project/src/components/NavButtons.tsx": {"path":"/home/ahebwa/projects/rem-waste-project/src/components/NavButtons.tsx","statementMap":{"0":{"start":{"line":6,"column":2},"end":{"line":47,"column":4}},"1":{"start":{"line":50,"column":0},"end":{"line":50,"column":26}}},"fnMap":{"0":{"name":"NavButtons","decl":{"start":{"line":5,"column":9},"end":{"line":5,"column":19}},"loc":{"start":{"line":5,"column":55},"end":{"line":48,"column":1}}}},"branchMap":{"0":{"loc":{"start":{"line":27,"column":10},"end":{"line":29,"column":null}},"type":"cond-expr","locations":[{"start":{"line":28,"column":14},"end":{"line":28,"column":71}},{"start":{"line":29,"column":14},"end":{"line":29,"column":null}}]}},"s":{"0":5,"1":3},"f":{"0":5},"b":{"0":[1,4]}}
,"/home/ahebwa/projects/rem-waste-project/src/components/SelectedSkip.tsx": {"path":"/home/ahebwa/projects/rem-waste-project/src/components/SelectedSkip.tsx","statementMap":{"0":{"start":{"line":9,"column":2},"end":{"line":25,"column":4}},"1":{"start":{"line":28,"column":0},"end":{"line":28,"column":28}}},"fnMap":{"0":{"name":"SelectedSkip","decl":{"start":{"line":8,"column":9},"end":{"line":8,"column":21}},"loc":{"start":{"line":8,"column":73},"end":{"line":26,"column":1}}}},"branchMap":{"0":{"loc":{"start":{"line":11,"column":7},"end":{"line":22,"column":null}},"type":"cond-expr","locations":[{"start":{"line":12,"column":8},"end":{"line":17,"column":null}},{"start":{"line":20,"column":8},"end":{"line":21,"column":null}}]}},"s":{"0":6,"1":3},"f":{"0":6},"b":{"0":[1,5]}}
,"/home/ahebwa/projects/rem-waste-project/src/components/Skip.tsx": {"path":"/home/ahebwa/projects/rem-waste-project/src/components/Skip.tsx","statementMap":{"0":{"start":{"line":10,"column":2},"end":{"line":78,"column":4}},"1":{"start":{"line":20,"column":21},"end":{"line":20,"column":38}},"2":{"start":{"line":81,"column":0},"end":{"line":81,"column":24}}},"fnMap":{"0":{"name":"YardSkip","decl":{"start":{"line":9,"column":9},"end":{"line":9,"column":17}},"loc":{"start":{"line":9,"column":67},"end":{"line":79,"column":1}}},"1":{"name":"(anonymous_1)","decl":{"start":{"line":20,"column":15},"end":{"line":20,"column":18}},"loc":{"start":{"line":20,"column":21},"end":{"line":20,"column":38}}}},"branchMap":{"0":{"loc":{"start":{"line":9,"column":36},"end":{"line":9,"column":54}},"type":"default-arg","locations":[{"start":{"line":9,"column":49},"end":{"line":9,"column":54}}]},"1":{"loc":{"start":{"line":16,"column":10},"end":{"line":18,"column":null}},"type":"cond-expr","locations":[{"start":{"line":17,"column":14},"end":{"line":17,"column":76}},{"start":{"line":18,"column":14},"end":{"line":18,"column":null}}]},"2":{"loc":{"start":{"line":28,"column":9},"end":{"line":45,"column":null}},"type":"binary-expr","locations":[{"start":{"line":28,"column":9},"end":{"line":28,"column":30}},{"start":{"line":29,"column":10},"end":{"line":44,"column":null}}]},"3":{"loc":{"start":{"line":69,"column":15},"end":{"line":71,"column":null}},"type":"cond-expr","locations":[{"start":{"line":70,"column":19},"end":{"line":70,"column":50}},{"start":{"line":71,"column":19},"end":{"line":71,"column":null}}]},"4":{"loc":{"start":{"line":74,"column":11},"end":{"line":74,"column":55}},"type":"cond-expr","locations":[{"start":{"line":74,"column":24},"end":{"line":74,"column":34}},{"start":{"line":74,"column":37},"end":{"line":74,"column":55}}]}},"s":{"0":11,"1":2,"2":3},"f":{"0":11,"1":2},"b":{"0":[3],"1":[0,11],"2":[11,4],"3":[0,11],"4":[0,11]}}
,"/home/ahebwa/projects/rem-waste-project/src/components/Skips.tsx": {"path":"/home/ahebwa/projects/rem-waste-project/src/components/Skips.tsx","statementMap":{"0":{"start":{"line":1,"column":0},"end":{"line":1,"column":42}},"1":{"start":{"line":2,"column":0},"end":{"line":2,"column":34}},"2":{"start":{"line":3,"column":0},"end":{"line":3,"column":46}},"3":{"start":{"line":26,"column":2},"end":{"line":51,"column":4}},"4":{"start":{"line":33,"column":10},"end":{"line":34,"column":null}},"5":{"start":{"line":36,"column":28},"end":{"line":36,"column":53}},"6":{"start":{"line":54,"column":0},"end":{"line":54,"column":21}}},"fnMap":{"0":{"name":"Skips","decl":{"start":{"line":20,"column":9},"end":{"line":20,"column":14}},"loc":{"start":{"line":25,"column":13},"end":{"line":52,"column":1}}},"1":{"name":"(anonymous_2)","decl":{"start":{"line":32,"column":19},"end":{"line":32,"column":20}},"loc":{"start":{"line":33,"column":10},"end":{"line":34,"column":null}}},"2":{"name":"(anonymous_3)","decl":{"start":{"line":36,"column":22},"end":{"line":36,"column":25}},"loc":{"start":{"line":36,"column":28},"end":{"line":36,"column":53}}}},"branchMap":{"0":{"loc":{"start":{"line":41,"column":7},"end":{"line":48,"column":null}},"type":"binary-expr","locations":[{"start":{"line":41,"column":7},"end":{"line":41,"column":23}},{"start":{"line":42,"column":8},"end":{"line":47,"column":null}}]}},"s":{"0":2,"1":2,"2":2,"3":7,"4":8,"5":1,"6":2},"f":{"0":7,"1":8,"2":1},"b":{"0":[7,4]}}
,"/home/ahebwa/projects/rem-waste-project/src/components/StepHeader.tsx": {"path":"/home/ahebwa/projects/rem-waste-project/src/components/StepHeader.tsx","statementMap":{"0":{"start":{"line":1,"column":0},"end":{"line":1,"column":26}},"1":{"start":{"line":17,"column":24},"end":{"line":25,"column":3}},"2":{"start":{"line":18,"column":4},"end":{"line":20,"column":5}},"3":{"start":{"line":19,"column":6},"end":{"line":19,"column":25}},"4":{"start":{"line":21,"column":4},"end":{"line":23,"column":5}},"5":{"start":{"line":22,"column":6},"end":{"line":22,"column":23}},"6":{"start":{"line":24,"column":4},"end":{"line":24,"column":22}},"7":{"start":{"line":27,"column":16},"end":{"line":154,"column":4}},"8":{"start":{"line":156,"column":2},"end":{"line":210,"column":4}},"9":{"start":{"line":160,"column":10},"end":{"line":160,"column":null}},"10":{"start":{"line":213,"column":0},"end":{"line":213,"column":26}}},"fnMap":{"0":{"name":"StepHeader","decl":{"start":{"line":16,"column":9},"end":{"line":16,"column":19}},"loc":{"start":{"line":16,"column":68},"end":{"line":211,"column":1}}},"1":{"name":"(anonymous_2)","decl":{"start":{"line":17,"column":24},"end":{"line":17,"column":25}},"loc":{"start":{"line":17,"column":48},"end":{"line":25,"column":3}}},"2":{"name":"(anonymous_3)","decl":{"start":{"line":159,"column":19},"end":{"line":159,"column":20}},"loc":{"start":{"line":160,"column":10},"end":{"line":160,"column":null}}}},"branchMap":{"0":{"loc":{"start":{"line":18,"column":4},"end":{"line":20,"column":5}},"type":"if","locations":[{"start":{"line":18,"column":4},"end":{"line":20,"column":5}}]},"1":{"loc":{"start":{"line":21,"column":4},"end":{"line":23,"column":5}},"type":"if","locations":[{"start":{"line":21,"column":4},"end":{"line":23,"column":5}}]},"2":{"loc":{"start":{"line":166,"column":20},"end":{"line":170,"column":null}},"type":"cond-expr","locations":[{"start":{"line":167,"column":24},"end":{"line":167,"column":48}},{"start":{"line":168,"column":24},"end":{"line":170,"column":null}}]},"3":{"loc":{"start":{"line":168,"column":24},"end":{"line":170,"column":null}},"type":"cond-expr","locations":[{"start":{"line":169,"column":24},"end":{"line":169,"column":73}},{"start":{"line":170,"column":24},"end":{"line":170,"column":null}}]},"4":{"loc":{"start":{"line":182,"column":20},"end":{"line":185,"column":null}},"type":"cond-expr","locations":[{"start":{"line":184,"column":24},"end":{"line":184,"column":39}},{"start":{"line":185,"column":24},"end":{"line":185,"column":null}}]},"5":{"loc":{"start":{"line":182,"column":20},"end":{"line":183,"column":57}},"type":"binary-expr","locations":[{"start":{"line":182,"column":20},"end":{"line":182,"column":58}},{"start":{"line":183,"column":20},"end":{"line":183,"column":57}}]},"6":{"loc":{"start":{"line":194,"column":13},"end":{"line":204,"column":null}},"type":"binary-expr","locations":[{"start":{"line":194,"column":13},"end":{"line":194,"column":37}},{"start":{"line":195,"column":14},"end":{"line":203,"column":null}}]},"7":{"loc":{"start":{"line":199,"column":20},"end":{"line":201,"column":null}},"type":"cond-expr","locations":[{"start":{"line":200,"column":24},"end":{"line":200,"column":37}},{"start":{"line":201,"column":24},"end":{"line":201,"column":null}}]}},"s":{"0":1,"1":8,"2":160,"3":32,"4":128,"5":32,"6":96,"7":8,"8":8,"9":48,"10":1},"f":{"0":8,"1":160,"2":48},"b":{"0":[32],"1":[32],"2":[16,32],"3":[8,24],"4":[40,8],"5":[48,32],"6":[48,40],"7":[16,24]}}
,"/home/ahebwa/projects/rem-waste-project/src/util/http.ts": {"path":"/home/ahebwa/projects/rem-waste-project/src/util/http.ts","statementMap":{"0":{"start":{"line":1,"column":0},"end":{"line":1,"column":7}},"1":{"start":{"line":2,"column":21},"end":{"line":2,"column":37}},"2":{"start":{"line":4,"column":4},"end":{"line":6,"column":5}},"3":{"start":{"line":5,"column":8},"end":{"line":5,"column":67}},"4":{"start":{"line":8,"column":17},"end":{"line":8,"column":49}},"5":{"start":{"line":9,"column":4},"end":{"line":9,"column":16}}},"fnMap":{"0":{"name":"get","decl":{"start":{"line":1,"column":22},"end":{"line":1,"column":25}},"loc":{"start":{"line":1,"column":37},"end":{"line":10,"column":1}}}},"branchMap":{"0":{"loc":{"start":{"line":4,"column":4},"end":{"line":6,"column":5}},"type":"if","locations":[{"start":{"line":4,"column":4},"end":{"line":6,"column":5}}]}},"s":{"0":2,"1":2,"2":2,"3":1,"4":1,"5":1},"f":{"0":2},"b":{"0":[1]}}
}
