TN:
SF:src/App.tsx
FN:31,App
FN:42,(anonymous_2)
FN:44,(anonymous_3)
FN:52,(anonymous_4)
FN:58,(anonymous_5)
FN:62,(anonymous_6)
FN:63,fetchSkips
FN:70,(anonymous_8)
FN:91,Layout
FNF:9
FNH:7
FNDA:8,App
FNDA:2,(anonymous_2)
FNDA:3,(anonymous_3)
FNDA:0,(anonymous_4)
FNDA:0,(anonymous_5)
FNDA:3,(anonymous_6)
FNDA:3,fetchSkips
FNDA:2,(anonymous_8)
FNDA:8,Layout
DA:1,1
DA:2,1
DA:4,1
DA:5,1
DA:6,1
DA:7,1
DA:8,1
DA:32,8
DA:33,8
DA:34,8
DA:35,8
DA:36,8
DA:40,8
DA:42,8
DA:44,8
DA:45,3
DA:46,0
DA:47,0
DA:50,3
DA:51,0
DA:52,0
DA:58,8
DA:59,0
DA:62,8
DA:64,3
DA:65,3
DA:66,3
DA:70,2
DA:77,1
DA:79,1
DA:80,1
DA:82,0
DA:84,1
DA:86,2
DA:88,3
DA:92,8
DA:107,8
DA:108,1
DA:114,7
DA:130,1
LF:40
LH:34
BRDA:45,0,0,0
BRDA:45,0,1,3
BRDA:46,1,0,0
BRDA:50,2,0,0
BRDA:79,3,0,1
BRDA:79,3,1,0
BRDA:107,4,0,1
BRDA:116,5,0,3
BRDA:116,5,1,4
BRF:9
BRH:5
end_of_record
TN:
SF:src/components/ErrorMessage.tsx
FN:5,ErrorMessage
FNF:1
FNH:1
FNDA:2,ErrorMessage
DA:6,2
DA:14,2
LF:2
LH:2
BRF:0
BRH:0
end_of_record
TN:
SF:src/components/Loading.tsx
FN:1,Loading
FNF:1
FNH:1
FNDA:4,Loading
DA:2,4
DA:31,2
LF:2
LH:2
BRF:0
BRH:0
end_of_record
TN:
SF:src/components/NavButtons.tsx
FN:5,NavButtons
FNF:1
FNH:1
FNDA:5,NavButtons
DA:6,5
DA:50,3
LF:2
LH:2
BRDA:27,0,0,1
BRDA:27,0,1,4
BRF:2
BRH:2
end_of_record
TN:
SF:src/components/SelectedSkip.tsx
FN:8,SelectedSkip
FNF:1
FNH:1
FNDA:6,SelectedSkip
DA:9,6
DA:28,3
LF:2
LH:2
BRDA:11,0,0,1
BRDA:11,0,1,5
BRF:2
BRH:2
end_of_record
TN:
SF:src/components/Skip.tsx
FN:9,YardSkip
FN:20,(anonymous_1)
FNF:2
FNH:2
FNDA:11,YardSkip
FNDA:2,(anonymous_1)
DA:10,11
DA:20,2
DA:81,3
LF:3
LH:3
BRDA:9,0,0,3
BRDA:16,1,0,0
BRDA:16,1,1,11
BRDA:28,2,0,11
BRDA:28,2,1,4
BRDA:69,3,0,0
BRDA:69,3,1,11
BRDA:74,4,0,0
BRDA:74,4,1,11
BRF:9
BRH:6
end_of_record
TN:
SF:src/components/Skips.tsx
FN:20,Skips
FN:32,(anonymous_2)
FN:36,(anonymous_3)
FNF:3
FNH:3
FNDA:7,Skips
FNDA:8,(anonymous_2)
FNDA:1,(anonymous_3)
DA:1,2
DA:2,2
DA:3,2
DA:26,7
DA:33,8
DA:36,1
DA:54,2
LF:7
LH:7
BRDA:41,0,0,7
BRDA:41,0,1,4
BRF:2
BRH:2
end_of_record
TN:
SF:src/components/StepHeader.tsx
FN:16,StepHeader
FN:17,(anonymous_2)
FN:159,(anonymous_3)
FNF:3
FNH:3
FNDA:8,StepHeader
FNDA:160,(anonymous_2)
FNDA:48,(anonymous_3)
DA:1,1
DA:17,8
DA:18,160
DA:19,32
DA:21,128
DA:22,32
DA:24,96
DA:27,8
DA:156,8
DA:160,48
DA:213,1
LF:11
LH:11
BRDA:18,0,0,32
BRDA:21,1,0,32
BRDA:166,2,0,16
BRDA:166,2,1,32
BRDA:168,3,0,8
BRDA:168,3,1,24
BRDA:182,4,0,40
BRDA:182,4,1,8
BRDA:182,5,0,48
BRDA:182,5,1,32
BRDA:194,6,0,48
BRDA:194,6,1,40
BRDA:199,7,0,16
BRDA:199,7,1,24
BRF:14
BRH:14
end_of_record
TN:
SF:src/util/http.ts
FN:1,get
FNF:1
FNH:1
FNDA:2,get
DA:1,2
DA:2,2
DA:4,2
DA:5,1
DA:8,1
DA:9,1
LF:6
LH:6
BRDA:4,0,0,1
BRF:1
BRH:1
end_of_record
